# Downloading pre-built

## Checking installation

#### Plugin call: `load_versions`

**INPUT**:
```
{"context":{"proto_version":"0.55.4","temp_dir":{"path":"/temp/hk","virtual_prefix":"/temp","real_prefix":"/home/zenobius/.proto/temp"},"tool_dir":{"path":"/proto/tools","virtual_prefix":"/proto","real_prefix":"/home/zenobius/.proto"},"version":"latest"},"initial":"1.37.0"}
```

**OUTPUT**:
```
{"latest":"1.38.0","aliases":{"latest":"1.38.0"},"versions":["1.18.2","0.3.0","1.15.1","1.10.4","1.36.0","1.37.0","0.4.4","1.15.7","0.1.6","1.6.0","1.15.2","1.13.2","1.27.0","1.13.4","1.19.0","1.29.0","1.30.0","0.4.1","1.26.0","1.18.3","1.1.2","0.6.5","1.2.1","1.11.2","0.4.6","0.6.3","1.13.0","1.15.0","1.22.0","0.2.2","0.1.1","1.9.2","1.9.1","0.6.4","0.7.3","1.2.0","1.25.0","1.35.0","0.1.2","1.12.0","0.3.1","0.5.0","0.1.9","0.4.3","1.10.5","1.12.1","0.2.1","1.10.7","1.8.0","0.6.2","0.8.2","0.1.4","0.8.5","1.13.1","1.0.0","0.5.1","0.4.2","0.7.2","1.7.0","1.10.6","0.1.8","1.10.1","1.1.0","1.9.0","0.2.3","0.1.7","1.7.1","0.7.5","1.13.5","1.20.0","0.8.0","1.3.0","1.17.0","1.15.3","1.38.0","1.2.2","1.16.0","0.3.2","1.10.0","1.31.0","1.10.3","1.15.6","1.33.0","0.6.0","0.7.4","1.15.4","0.7.1","1.18.1","1.23.0","0.6.1","0.2.4","1.34.0","1.32.0","0.4.5","1.28.0","0.8.4","1.5.0","1.13.3","0.3.3","1.18.0","1.24.0","0.2.0","0.1.0","1.13.7","1.14.0","0.7.0","0.8.3","1.10.2","0.1.3","1.21.0","1.4.0","1.11.1","1.13.6","0.8.1","1.11.0","1.24.1","1.21.1","0.4.0","1.15.5","0.1.5","1.1.1"]}
```

## Running pre-install hooks

## Installing tool

#### Plugin call: `download_prebuilt`

**INPUT**:
```
{"context":{"proto_version":"0.55.4","temp_dir":{"path":"/temp/hk","virtual_prefix":"/temp","real_prefix":"/home/zenobius/.proto/temp"},"tool_dir":{"path":"/proto/tools/hk/1.37.0","virtual_prefix":"/proto","real_prefix":"/home/zenobius/.proto"},"version":"1.37.0"},"install_dir":{"path":"/proto/tools/hk/1.37.0","virtual_prefix":"/proto","real_prefix":"/home/zenobius/.proto"}}
```

**OUTPUT**:
```
{"checksum_name":"CHECKSUM.txt","checksum_url":"https://github.com/jdx/hk/releases/download/v1.37.0/CHECKSUM.txt","download_name":"hk-x86_64-unknown-linux-gnu.tar.gz","download_url":"https://github.com/jdx/hk/releases/download/v1.37.0/hk-x86_64-unknown-linux-gnu.tar.gz"}
```

# Failure

**ERROR**:
```
Unable to download file, the URL https://github.com/jdx/hk/releases/download/v1.37.0/CHECKSUM.txt does not exist.
```

